[debug] [2023-12-14T13:25:33.212Z] ----------------------------------------------------------------------
[debug] [2023-12-14T13:25:33.216Z] Command:       C:\WINDOWS\system32\node.exe C:\Users\danel\AppData\Roaming\npm\node_modules\firebase-tools\lib\bin\firebase.js init
[debug] [2023-12-14T13:25:33.217Z] CLI Version:   13.0.1
[debug] [2023-12-14T13:25:33.217Z] Platform:      win32
[debug] [2023-12-14T13:25:33.217Z] Node Version:  v21.4.0
[debug] [2023-12-14T13:25:33.218Z] Time:          Thu Dec 14 2023 15:25:33 GMT+0200 (South Africa Standard Time)
[debug] [2023-12-14T13:25:33.218Z] ----------------------------------------------------------------------
[debug] 
[debug] [2023-12-14T13:25:33.228Z] > command requires scopes: ["email","openid","https://www.googleapis.com/auth/cloudplatformprojects.readonly","https://www.googleapis.com/auth/firebase","https://www.googleapis.com/auth/cloud-platform"]
[debug] [2023-12-14T13:25:33.229Z] > authorizing via signed-in user (danelle13121@gmail.com)
[info] 
     ######## #### ########  ######## ########     ###     ######  ########
     ##        ##  ##     ## ##       ##     ##  ##   ##  ##       ##
     ######    ##  ########  ######   ########  #########  ######  ######
     ##        ##  ##    ##  ##       ##     ## ##     ##       ## ##
     ##       #### ##     ## ######## ########  ##     ##  ######  ########

You're about to initialize a Firebase project in this directory:

  C:\Users\danel\my-app

[info] 
=== Project Setup
[info] 
[info] First, let's associate this project directory with a Firebase project.
[info] You can create multiple project aliases by running firebase use --add, 
[info] but for now we'll just set up a default project.
[info] 
[debug] [2023-12-14T13:25:53.951Z] >>> [apiv2][query] GET https://firebase.googleapis.com/v1beta1/projects pageSize=100
[debug] [2023-12-14T13:25:54.962Z] <<< [apiv2][status] GET https://firebase.googleapis.com/v1beta1/projects 200
[debug] [2023-12-14T13:25:54.962Z] <<< [apiv2][body] GET https://firebase.googleapis.com/v1beta1/projects [omitted]
[info] i  Using project techincalassessment (TechincalAssessment) 
[info] 
=== Hosting Setup
[debug] [2023-12-14T13:25:57.800Z] >>> [apiv2][query] GET https://firebase.googleapis.com/v1beta1/projects/techincalassessment [none]
[debug] [2023-12-14T13:25:58.158Z] <<< [apiv2][status] GET https://firebase.googleapis.com/v1beta1/projects/techincalassessment 200
[debug] [2023-12-14T13:25:58.158Z] <<< [apiv2][body] GET https://firebase.googleapis.com/v1beta1/projects/techincalassessment {"projectId":"techincalassessment","projectNumber":"713680929831","displayName":"TechincalAssessment","name":"projects/techincalassessment","resources":{"hostingSite":"techincalassessment","realtimeDatabaseInstance":"techincalassessment-default-rtdb"},"state":"ACTIVE","etag":"1_4ecda371-0a9e-4c0e-9393-9909cd83caee"}
[info] 
[info] Your public directory is the folder (relative to your project directory) that
[info] will contain Hosting assets to be uploaded with firebase deploy. If you
[info] have a build process for your assets, use your build's output directory.
[info] 
[debug] [2023-12-14T13:26:38.876Z] >>> [apiv2][query] GET https://www.gstatic.com/firebasejs/releases.json [none]
[debug] [2023-12-14T13:26:39.166Z] <<< [apiv2][status] GET https://www.gstatic.com/firebasejs/releases.json 200
[debug] [2023-12-14T13:26:39.166Z] <<< [apiv2][body] GET https://www.gstatic.com/firebasejs/releases.json {"current":{"version":"10.7.1","browserURL":"https://www.gstatic.com/firebasejs/10.7.1/firebase.js","packageURL":"https://www.gstatic.com/firebasejs/10.7.1/firebase.tgz"},"live":{"version":"10.7","browserURL":"https://www.gstatic.com/firebasejs/live/10.7/firebase.js","packageURL":"https://www.gstatic.com/firebasejs/live/10.7/firebase.tgz"},"components":{"analytics":"https://www.gstatic.com/firebasejs/10.7.1/firebase-analytics.js","app":"https://www.gstatic.com/firebasejs/10.7.1/firebase-app.js","app-check":"https://www.gstatic.com/firebasejs/10.7.1/firebase-app-check.js","auth":"https://www.gstatic.com/firebasejs/10.7.1/firebase-auth.js","auth/cordova":"https://www.gstatic.com/firebasejs/10.7.1/firebase-auth/cordova.js","functions":"https://www.gstatic.com/firebasejs/10.7.1/firebase-functions.js","firestore":"https://www.gstatic.com/firebasejs/10.7.1/firebase-firestore.js","firestore/lite":"https://www.gstatic.com/firebasejs/10.7.1/firebase-firestore/lite.js","installations":"https://www.gstatic.com/firebasejs/10.7.1/firebase-installations.js","storage":"https://www.gstatic.com/firebasejs/10.7.1/firebase-storage.js","performance":"https://www.gstatic.com/firebasejs/10.7.1/firebase-performance.js","remote-config":"https://www.gstatic.com/firebasejs/10.7.1/firebase-remote-config.js","messaging":"https://www.gstatic.com/firebasejs/10.7.1/firebase-messaging.js","messaging/sw":"https://www.gstatic.com/firebasejs/10.7.1/firebase-messaging/sw.js","database":"https://www.gstatic.com/firebasejs/10.7.1/firebase-database.js","firestore.memory":"https://www.gstatic.com/firebasejs/10.7.1/firebase-firestore.memory.js"}}
[info] +  Wrote build/index.html 
[info] 
[info] i  Detected a .git folder at C:\Users\danel\my-app 
[info] i  Authorizing with GitHub to upload your service account to a GitHub repository's secrets store. 
[info] 
[info] Visit this URL on this device to log in:
[info] https://github.com/login/oauth/authorize?client_id=89cf50f02ac6aaed3484&state=114486396&redirect_uri=http%3A%2F%2Flocalhost%3A9005&scope=read%3Auser%20repo%20public_repo
[info] 
[info] Waiting for authentication...
[debug] [2023-12-14T13:26:40.234Z] >>> [apiv2][query] POST https://github.com/login/oauth/access_token [none]
[debug] [2023-12-14T13:26:40.234Z] >>> [apiv2][body] POST https://github.com/login/oauth/access_token [stream]
[debug] [2023-12-14T13:26:40.696Z] <<< [apiv2][status] POST https://github.com/login/oauth/access_token 200
[debug] [2023-12-14T13:26:40.696Z] <<< [apiv2][body] POST https://github.com/login/oauth/access_token {"access_token":"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","token_type":"bearer","scope":"read:user,repo"}
[debug] [2023-12-14T13:26:40.709Z] >>> [apiv2][query] GET https://api.github.com/user [none]
[debug] [2023-12-14T13:26:41.193Z] <<< [apiv2][status] GET https://api.github.com/user 200
[debug] [2023-12-14T13:26:41.195Z] <<< [apiv2][body] GET https://api.github.com/user {"login":"23310553","id":140318659,"node_id":"U_kgDOCF0Xww","avatar_url":"https://avatars.githubusercontent.com/u/140318659?v=4","gravatar_id":"","url":"https://api.github.com/users/23310553","html_url":"https://github.com/23310553","followers_url":"https://api.github.com/users/23310553/followers","following_url":"https://api.github.com/users/23310553/following{/other_user}","gists_url":"https://api.github.com/users/23310553/gists{/gist_id}","starred_url":"https://api.github.com/users/23310553/starred{/owner}{/repo}","subscriptions_url":"https://api.github.com/users/23310553/subscriptions","organizations_url":"https://api.github.com/users/23310553/orgs","repos_url":"https://api.github.com/users/23310553/repos","events_url":"https://api.github.com/users/23310553/events{/privacy}","received_events_url":"https://api.github.com/users/23310553/received_events","type":"User","site_admin":false,"name":"DanelleGrassman","company":null,"blog":"","location":"Stellenbosch, Western Cape, South Africa","email":null,"hireable":null,"bio":"Third year Stellenbosch University student studying BCom Information Systems Management","twitter_username":null,"public_repos":3,"public_gists":0,"followers":1,"following":2,"created_at":"2023-07-23T11:36:46Z","updated_at":"2023-12-13T04:56:49Z","private_gists":0,"total_private_repos":2,"owned_private_repos":2,"disk_usage":333531,"collaborators":0,"two_factor_authentication":false,"plan":{"name":"pro","space":976562499,"collaborators":0,"private_repos":9999}}
[info] 
[info] +  Success! Logged into GitHub as 23310553 
[info] 
